<?xml version="1.0" encoding="UTF-8"?>
<!-- Generated by org.testng.reporters.JUnitReportReporter -->
<testsuite skipped="0" hostname="mACCC-PC" name="Maventest1.Maven1Test" tests="1" failures="0" timestamp="2021-11-11T12:10:10 IST" time="0.051" errors="0">
  <testcase name="MavennTest" time="0.051" classname="Maventest1.Maven1Test"/>
  <system-out/>
</testsuite> <!-- Maventest1.Maven1Test -->
